<?xml version="1.0" encoding="UTF-8"?>
<testsuite xmlns:xsi="http://www.w3.org/2001/XMLSchema-instance" xsi:noNamespaceSchemaLocation="https://maven.apache.org/surefire/maven-surefire-plugin/xsd/surefire-test-report.xsd" name="cn.acgq.SmokeTest" time="0.005" tests="1" errors="0" skipped="0" failures="0">
  <properties>
    <property name="sun.desktop" value="windows"/>
    <property name="awt.toolkit" value="sun.awt.windows.WToolkit"/>
    <property name="java.specification.version" value="11"/>
    <property name="sun.cpu.isalist" value="amd64"/>
    <property name="sun.jnu.encoding" value="GBK"/>
    <property name="java.class.path" value="D:\Code\crawler\target\test-classes;D:\Code\crawler\target\classes;C:\my_java\maven_repository\org\apache\httpcomponents\httpclient\4.5.9\httpclient-4.5.9.jar;C:\my_java\maven_repository\org\apache\httpcomponents\httpcore\4.4.11\httpcore-4.4.11.jar;C:\my_java\maven_repository\commons-logging\commons-logging\1.2\commons-logging-1.2.jar;C:\my_java\maven_repository\commons-codec\commons-codec\1.11\commons-codec-1.11.jar;C:\my_java\maven_repository\org\jsoup\jsoup\1.12.1\jsoup-1.12.1.jar;C:\my_java\maven_repository\com\google\guava\guava\28.0-jre\guava-28.0-jre.jar;C:\my_java\maven_repository\com\google\guava\failureaccess\1.0.1\failureaccess-1.0.1.jar;C:\my_java\maven_repository\com\google\guava\listenablefuture\9999.0-empty-to-avoid-conflict-with-guava\listenablefuture-9999.0-empty-to-avoid-conflict-with-guava.jar;C:\my_java\maven_repository\com\google\code\findbugs\jsr305\3.0.2\jsr305-3.0.2.jar;C:\my_java\maven_repository\org\checkerframework\checker-qual\2.8.1\checker-qual-2.8.1.jar;C:\my_java\maven_repository\com\google\errorprone\error_prone_annotations\2.3.2\error_prone_annotations-2.3.2.jar;C:\my_java\maven_repository\com\google\j2objc\j2objc-annotations\1.3\j2objc-annotations-1.3.jar;C:\my_java\maven_repository\org\codehaus\mojo\animal-sniffer-annotations\1.17\animal-sniffer-annotations-1.17.jar;C:\my_java\maven_repository\org\junit\jupiter\junit-jupiter-api\5.4.2\junit-jupiter-api-5.4.2.jar;C:\my_java\maven_repository\org\apiguardian\apiguardian-api\1.0.0\apiguardian-api-1.0.0.jar;C:\my_java\maven_repository\org\opentest4j\opentest4j\1.1.1\opentest4j-1.1.1.jar;C:\my_java\maven_repository\org\junit\platform\junit-platform-commons\1.4.2\junit-platform-commons-1.4.2.jar;C:\my_java\maven_repository\org\junit\jupiter\junit-jupiter-engine\5.4.2\junit-jupiter-engine-5.4.2.jar;C:\my_java\maven_repository\org\junit\platform\junit-platform-engine\1.4.2\junit-platform-engine-1.4.2.jar;C:\my_java\maven_repository\mysql\mysql-connector-java\5.1.44\mysql-connector-java-5.1.44.jar;C:\my_java\maven_repository\org\mybatis\mybatis\3.5.2\mybatis-3.5.2.jar;C:\my_java\maven_repository\org\apache\logging\log4j\log4j-api\2.11.2\log4j-api-2.11.2.jar;C:\my_java\maven_repository\org\apache\logging\log4j\log4j-core\2.8.2\log4j-core-2.8.2.jar;"/>
    <property name="java.vm.vendor" value="Oracle Corporation"/>
    <property name="sun.arch.data.model" value="64"/>
    <property name="user.variant" value=""/>
    <property name="java.vendor.url" value="http://java.oracle.com/"/>
    <property name="user.timezone" value="Asia/Shanghai"/>
    <property name="java.vm.specification.version" value="11"/>
    <property name="os.name" value="Windows 10"/>
    <property name="sun.java.launcher" value="SUN_STANDARD"/>
    <property name="user.country" value="CN"/>
    <property name="sun.boot.library.path" value="C:\Program Files\Java\jdk-11.0.3\bin"/>
    <property name="sun.java.command" value="C:\Users\chen3\AppData\Local\Temp\surefire13435062694250187030\surefirebooter14315030843595376536.jar C:\Users\chen3\AppData\Local\Temp\surefire13435062694250187030 2019-10-30T12-37-32_299-jvmRun1 surefire9954765161462661396tmp surefire_016061593876090054985tmp"/>
    <property name="jdk.debug" value="release"/>
    <property name="surefire.test.class.path" value="D:\Code\crawler\target\test-classes;D:\Code\crawler\target\classes;C:\my_java\maven_repository\org\apache\httpcomponents\httpclient\4.5.9\httpclient-4.5.9.jar;C:\my_java\maven_repository\org\apache\httpcomponents\httpcore\4.4.11\httpcore-4.4.11.jar;C:\my_java\maven_repository\commons-logging\commons-logging\1.2\commons-logging-1.2.jar;C:\my_java\maven_repository\commons-codec\commons-codec\1.11\commons-codec-1.11.jar;C:\my_java\maven_repository\org\jsoup\jsoup\1.12.1\jsoup-1.12.1.jar;C:\my_java\maven_repository\com\google\guava\guava\28.0-jre\guava-28.0-jre.jar;C:\my_java\maven_repository\com\google\guava\failureaccess\1.0.1\failureaccess-1.0.1.jar;C:\my_java\maven_repository\com\google\guava\listenablefuture\9999.0-empty-to-avoid-conflict-with-guava\listenablefuture-9999.0-empty-to-avoid-conflict-with-guava.jar;C:\my_java\maven_repository\com\google\code\findbugs\jsr305\3.0.2\jsr305-3.0.2.jar;C:\my_java\maven_repository\org\checkerframework\checker-qual\2.8.1\checker-qual-2.8.1.jar;C:\my_java\maven_repository\com\google\errorprone\error_prone_annotations\2.3.2\error_prone_annotations-2.3.2.jar;C:\my_java\maven_repository\com\google\j2objc\j2objc-annotations\1.3\j2objc-annotations-1.3.jar;C:\my_java\maven_repository\org\codehaus\mojo\animal-sniffer-annotations\1.17\animal-sniffer-annotations-1.17.jar;C:\my_java\maven_repository\org\junit\jupiter\junit-jupiter-api\5.4.2\junit-jupiter-api-5.4.2.jar;C:\my_java\maven_repository\org\apiguardian\apiguardian-api\1.0.0\apiguardian-api-1.0.0.jar;C:\my_java\maven_repository\org\opentest4j\opentest4j\1.1.1\opentest4j-1.1.1.jar;C:\my_java\maven_repository\org\junit\platform\junit-platform-commons\1.4.2\junit-platform-commons-1.4.2.jar;C:\my_java\maven_repository\org\junit\jupiter\junit-jupiter-engine\5.4.2\junit-jupiter-engine-5.4.2.jar;C:\my_java\maven_repository\org\junit\platform\junit-platform-engine\1.4.2\junit-platform-engine-1.4.2.jar;C:\my_java\maven_repository\mysql\mysql-connector-java\5.1.44\mysql-connector-java-5.1.44.jar;C:\my_java\maven_repository\org\mybatis\mybatis\3.5.2\mybatis-3.5.2.jar;C:\my_java\maven_repository\org\apache\logging\log4j\log4j-api\2.11.2\log4j-api-2.11.2.jar;C:\my_java\maven_repository\org\apache\logging\log4j\log4j-core\2.8.2\log4j-core-2.8.2.jar;"/>
    <property name="sun.cpu.endian" value="little"/>
    <property name="user.home" value="C:\Users\chen3"/>
    <property name="user.language" value="zh"/>
    <property name="java.specification.vendor" value="Oracle Corporation"/>
    <property name="java.version.date" value="2019-04-16"/>
    <property name="java.home" value="C:\Program Files\Java\jdk-11.0.3"/>
    <property name="file.separator" value="\"/>
    <property name="basedir" value="D:\Code\crawler"/>
    <property name="java.vm.compressedOopsMode" value="Zero based"/>
    <property name="line.separator" value="&#10;"/>
    <property name="java.specification.name" value="Java Platform API Specification"/>
    <property name="java.vm.specification.vendor" value="Oracle Corporation"/>
    <property name="java.awt.graphicsenv" value="sun.awt.Win32GraphicsEnvironment"/>
    <property name="surefire.real.class.path" value="C:\Users\chen3\AppData\Local\Temp\surefire13435062694250187030\surefirebooter14315030843595376536.jar"/>
    <property name="user.script" value=""/>
    <property name="sun.management.compiler" value="HotSpot 64-Bit Tiered Compilers"/>
    <property name="java.runtime.version" value="11.0.3+12-LTS"/>
    <property name="user.name" value="chen3"/>
    <property name="path.separator" value=";"/>
    <property name="os.version" value="10.0"/>
    <property name="java.runtime.name" value="Java(TM) SE Runtime Environment"/>
    <property name="file.encoding" value="UTF-8"/>
    <property name="java.vm.name" value="Java HotSpot(TM) 64-Bit Server VM"/>
    <property name="java.vendor.version" value="18.9"/>
    <property name="localRepository" value="C:\my_java\maven_repository"/>
    <property name="java.vendor.url.bug" value="http://bugreport.java.com/bugreport/"/>
    <property name="java.io.tmpdir" value="C:\Users\chen3\AppData\Local\Temp\"/>
    <property name="java.version" value="11.0.3"/>
    <property name="user.dir" value="D:\Code\crawler"/>
    <property name="os.arch" value="amd64"/>
    <property name="java.vm.specification.name" value="Java Virtual Machine Specification"/>
    <property name="java.awt.printerjob" value="sun.awt.windows.WPrinterJob"/>
    <property name="sun.os.patch.level" value=""/>
    <property name="java.library.path" value="C:\Program Files\Java\jdk-11.0.3\bin;C:\WINDOWS\Sun\Java\bin;C:\WINDOWS\system32;C:\WINDOWS;C:\ProgramData\DockerDesktop\version-bin;C:\Program Files\Docker\Docker\Resources\bin;C:\Program Files (x86)\Common Files\Oracle\Java\javapath;C:\ProgramData\Oracle\Java\javapath;C:\Program Files\Java\jdk-11.0.3\bin;C:\my_java\apache-maven-3.5.2\bin;C:\WINDOWS\system32;C:\WINDOWS;C:\WINDOWS\System32\Wbem;C:\WINDOWS\System32\WindowsPowerShell\v1.0\;C:\WINDOWS\System32\OpenSSH\;C:\Program Files\MATLAB\R2018a\runtime\win64;C:\Program Files\MATLAB\R2018a\bin;C:\Program Files\dotnet\;C:\Users\chen3\AppData\Local\GitHubDesktop\app-1.6.5\resources\app\git\mingw64\bin;C:\Users\chen3\AppData\Local\GitHubDesktop\app-1.6.5\resources\app\git\mingw64\libexec\git-core;C:\Program Files\nodejs\;C:\ProgramData\chocolatey\bin;C:\Program Files\Calibre2\;C:\Program Files\MySQL\MySQL Server 5.5\bin;C:\Users\chen3\AppData\Local\GitHubDesktop\app-2.1.3\resources\app\git\mingw64\bin;C:\Git\bin;C:\Users\chen3\AppData\Local\Programs\Python\Python36\Scripts\;C:\Users\chen3\AppData\Local\Programs\Python\Python36\;C:\Users\chen3\AppData\Local\GitHubDesktop\app-1.6.5\resources\app\git\mingw64\bin;C:\Users\chen3\AppData\Roaming\npm;C:\Users\chen3\AppData\Local\Programs\Microsoft VS Code\bin;C:\Users\chen3\AppData\Local\Pandoc\;C:\Program Files\JetBrains\IntelliJ IDEA 2019.1.3\bin;C:\Users\chen3\AppData\Local\GitHubDesktop\bin;C:\Users\chen3\AppData\Local\Microsoft\WindowsApps;C:\texlive\2019\bin\win32;C:\Users\chen3\AppData\Local\Programs\Fiddler;."/>
    <property name="java.vendor" value="Oracle Corporation"/>
    <property name="java.vm.info" value="mixed mode"/>
    <property name="java.vm.version" value="11.0.3+12-LTS"/>
    <property name="sun.io.unicode.encoding" value="UnicodeLittle"/>
    <property name="java.class.version" value="55.0"/>
  </properties>
  <testcase name="test" classname="cn.acgq.SmokeTest" time="0"/>
</testsuite>